#
# There is insufficient memory for the Java Runtime Environment to continue.
# Native memory allocation (malloc) failed to allocate 250560 bytes for Chunk::new
# Possible reasons:
#   The system is out of physical RAM or swap space
#   In 32 bit mode, the process size limit was hit
# Possible solutions:
#   Reduce memory load on the system
#   Increase physical memory or swap space
#   Check if swap backing store is full
#   Use 64 bit Java on a 64 bit OS
#   Decrease Java heap size (-Xmx/-Xms)
#   Decrease number of Java threads
#   Decrease Java thread stack sizes (-Xss)
#   Set larger code cache with -XX:ReservedCodeCacheSize=
# This output file may be truncated or incomplete.
#
#  Out of Memory Error (allocation.cpp:390), pid=724, tid=10032
#
# JRE version: Java(TM) SE Runtime Environment (8.0_74-b02) (build 1.8.0_74-b02)
# Java VM: Java HotSpot(TM) 64-Bit Server VM (25.74-b02 mixed mode windows-amd64 compressed oops)
# Failed to write core dump. Minidumps are not enabled by default on client versions of Windows
#

---------------  T H R E A D  ---------------

Current thread (0x0000000014a93000):  JavaThread "C2 CompilerThread1" daemon [_thread_in_native, id=10032, stack(0x00000000161e0000,0x00000000162e0000)]

Stack: [0x00000000161e0000,0x00000000162e0000]
[error occurred during error reporting (printing stack bounds), id 0xc0000005]

Native frames: (J=compiled Java code, j=interpreted, Vv=VM code, C=native code)


Current CompileTask:
C2:   3694 1051   !   4       com.android.dx.cf.code.BytecodeArray::parseInstruction (2764 bytes)


---------------  P R O C E S S  ---------------

Java Threads: ( => current thread )
  0x0000000016644000 JavaThread "pool-1-thread-4" [_thread_blocked, id=1540, stack(0x0000000016de0000,0x0000000016ee0000)]
  0x0000000016643000 JavaThread "pool-1-thread-3" [_thread_blocked, id=6704, stack(0x0000000016ce0000,0x0000000016de0000)]
  0x000000001652f000 JavaThread "pool-1-thread-2" [_thread_blocked, id=8136, stack(0x0000000016be0000,0x0000000016ce0000)]
  0x000000001652c000 JavaThread "pool-2-thread-1" [_thread_blocked, id=2264, stack(0x0000000016ae0000,0x0000000016be0000)]
  0x0000000016529800 JavaThread "pool-1-thread-1" [_thread_blocked, id=7628, stack(0x00000000169e0000,0x0000000016ae0000)]
  0x0000000016411800 JavaThread "Service Thread" daemon [_thread_blocked, id=412, stack(0x00000000167e0000,0x00000000168e0000)]
  0x0000000014a97000 JavaThread "C1 CompilerThread2" daemon [_thread_blocked, id=4412, stack(0x00000000162e0000,0x00000000163e0000)]
=>0x0000000014a93000 JavaThread "C2 CompilerThread1" daemon [_thread_in_native, id=10032, stack(0x00000000161e0000,0x00000000162e0000)]
  0x0000000014a90000 JavaThread "C2 CompilerThread0" daemon [_thread_blocked, id=5484, stack(0x00000000160e0000,0x00000000161e0000)]
  0x0000000014a8c000 JavaThread "Attach Listener" daemon [_thread_blocked, id=1040, stack(0x0000000015fe0000,0x00000000160e0000)]
  0x0000000014a8a800 JavaThread "Signal Dispatcher" daemon [_thread_blocked, id=9980, stack(0x0000000015ee0000,0x0000000015fe0000)]
  0x0000000014a7a800 JavaThread "Finalizer" daemon [_thread_blocked, id=7752, stack(0x0000000015d00000,0x0000000015e00000)]
  0x00000000023b1000 JavaThread "Reference Handler" daemon [_thread_blocked, id=6628, stack(0x0000000015c00000,0x0000000015d00000)]
  0x00000000022bd800 JavaThread "main" [_thread_blocked, id=5028, stack(0x0000000002110000,0x0000000002210000)]

Other Threads:
  0x0000000014a57800 VMThread [stack: 0x0000000015b00000,0x0000000015c00000] [id=5588]
  0x0000000016438000 WatcherThread [stack: 0x00000000168e0000,0x00000000169e0000] [id=9764]

VM state:at safepoint (normal execution)

VM Mutex/Monitor currently owned by a thread:  ([mutex/lock_event])
[0x00000000022bc950] Threads_lock - owner thread: 0x0000000014a57800
[0x00000000022bd150] Heap_lock - owner thread: 0x0000000016529800

Heap:
 PSYoungGen      total 18944K, used 18914K [0x00000000eab00000, 0x00000000ec000000, 0x0000000100000000)
  eden space 16384K, 100% used [0x00000000eab00000,0x00000000ebb00000,0x00000000ebb00000)
  from space 2560K, 98% used [0x00000000ebb00000,0x00000000ebd78b98,0x00000000ebd80000)
  to   space 2560K, 99% used [0x00000000ebd80000,0x00000000ebffa198,0x00000000ec000000)
 ParOldGen       total 44032K, used 4224K [0x00000000c0000000, 0x00000000c2b00000, 0x00000000eab00000)
  object space 44032K, 9% used [0x00000000c0000000,0x00000000c0420068,0x00000000c2b00000)
 Metaspace       used 5726K, capacity 6832K, committed 7040K, reserved 1056768K
  class space    used 576K, capacity 616K, committed 640K, reserved 1048576K

Card table byte_map: [0x0000000011780000,0x0000000011990000] byte_map_base: 0x0000000011180000

Marking Bits: (ParMarkBitMap*) 0x00000000570d0600
 Begin Bits: [0x0000000011ef0000, 0x0000000012ef0000)
 End Bits:   [0x0000000012ef0000, 0x0000000013ef0000)

Polling page: 0x0000000000810000

CodeCache: size=245760Kb used=4459Kb max_used=4459Kb free=241300Kb
 bounds [0x00000000023c0000, 0x0000000002820000, 0x00000000113c0000]
 total_blobs=1393 nmethods=1132 adapters=174
 compilation: enabled

Compilation events (10 events):
Event: 3.445 Thread 0x0000000014a97000 1109       3       com.android.dx.rop.code.BasicBlockList$RegCountVisitor::visitThrowingInsn (6 bytes)
Event: 3.445 Thread 0x0000000014a97000 nmethod 1109 0x00000000027f7c10 code [0x00000000027f7d80, 0x00000000027f7f08]
Event: 3.445 Thread 0x0000000014a97000 1108       3       com.android.dx.rop.code.SourcePosition::equals (46 bytes)
Event: 3.445 Thread 0x0000000014a97000 nmethod 1108 0x00000000027ffa90 code [0x00000000027ffc20, 0x0000000002800148]
Event: 3.445 Thread 0x0000000014a97000 1105       3       com.android.dx.rop.cst.CstBaseMethodRef::getPrototype (41 bytes)
Event: 3.446 Thread 0x0000000014a97000 nmethod 1105 0x0000000002800250 code [0x00000000028003c0, 0x00000000028007c8]
Event: 3.446 Thread 0x0000000014a97000 1110       3       com.android.dx.util.LabeledList::getMaxLabel (47 bytes)
Event: 3.446 Thread 0x0000000014a97000 nmethod 1110 0x00000000028008d0 code [0x0000000002800a60, 0x0000000002800ed8]
Event: 3.446 Thread 0x0000000014a97000 1104       3       java.util.RegularEnumSet::contains (57 bytes)
Event: 3.447 Thread 0x0000000014a97000 nmethod 1104 0x0000000002801050 code [0x00000000028011e0, 0x0000000002801788]

GC Heap History (2 events):
Event: 2.600 GC heap before
{Heap before GC invocations=1 (full 0):
 PSYoungGen      total 18944K, used 16384K [0x00000000eab00000, 0x00000000ec000000, 0x0000000100000000)
  eden space 16384K, 100% used [0x00000000eab00000,0x00000000ebb00000,0x00000000ebb00000)
  from space 2560K, 0% used [0x00000000ebd80000,0x00000000ebd80000,0x00000000ec000000)
  to   space 2560K, 0% used [0x00000000ebb00000,0x00000000ebb00000,0x00000000ebd80000)
 ParOldGen       total 44032K, used 0K [0x00000000c0000000, 0x00000000c2b00000, 0x00000000eab00000)
  object space 44032K, 0% used [0x00000000c0000000,0x00000000c0000000,0x00000000c2b00000)
 Metaspace       used 5616K, capacity 6768K, committed 7040K, reserved 1056768K
  class space    used 576K, capacity 616K, committed 640K, reserved 1048576K
Event: 2.611 GC heap after
Heap after GC invocations=1 (full 0):
 PSYoungGen      total 18944K, used 2530K [0x00000000eab00000, 0x00000000ec000000, 0x0000000100000000)
  eden space 16384K, 0% used [0x00000000eab00000,0x00000000eab00000,0x00000000ebb00000)
  from space 2560K, 98% used [0x00000000ebb00000,0x00000000ebd78b98,0x00000000ebd80000)
  to   space 2560K, 0% used [0x00000000ebd80000,0x00000000ebd80000,0x00000000ec000000)
 ParOldGen       total 44032K, used 1864K [0x00000000c0000000, 0x00000000c2b00000, 0x00000000eab00000)
  object space 44032K, 4% used [0x00000000c0000000,0x00000000c01d2258,0x00000000c2b00000)
 Metaspace       used 5616K, capacity 6768K, committed 7040K, reserved 1056768K
  class space    used 576K, capacity 616K, committed 640K, reserved 1048576K
}

Deoptimization events (10 events):
Event: 1.822 Thread 0x0000000016529800 Uncommon trap: reason=class_check action=maybe_recompile pc=0x000000000257c1bc method=com.android.dx.rop.cst.Constant.compareTo(Ljava/lang/Object;)I @ 2
Event: 1.822 Thread 0x0000000016529800 Uncommon trap: reason=class_check action=maybe_recompile pc=0x0000000002574af4 method=com.android.dx.rop.cst.CstMemberRef.compareTo0(Lcom/android/dx/rop/cst/Constant;)I @ 1
Event: 1.824 Thread 0x0000000016643000 Uncommon trap: reason=class_check action=maybe_recompile pc=0x000000000257c1bc method=com.android.dx.rop.cst.Constant.compareTo(Ljava/lang/Object;)I @ 2
Event: 1.824 Thread 0x0000000016643000 Uncommon trap: reason=class_check action=maybe_recompile pc=0x0000000002574af4 method=com.android.dx.rop.cst.CstMemberRef.compareTo0(Lcom/android/dx/rop/cst/Constant;)I @ 1
Event: 1.977 Thread 0x0000000016643000 Uncommon trap: reason=unstable_if action=reinterpret pc=0x000000000257dc78 method=com.android.dx.rop.cst.CstFieldRef.compareTo0(Lcom/android/dx/rop/cst/Constant;)I @ 7
Event: 2.001 Thread 0x000000001652f000 Uncommon trap: reason=speculate_class_check action=maybe_recompile pc=0x00000000026925c0 method=com.android.dx.rop.cst.Constant.compareTo(Lcom/android/dx/rop/cst/Constant;)I @ 29
Event: 2.001 Thread 0x000000001652f000 Uncommon trap: reason=speculate_class_check action=maybe_recompile pc=0x00000000026925c0 method=com.android.dx.rop.cst.Constant.compareTo(Lcom/android/dx/rop/cst/Constant;)I @ 29
Event: 2.001 Thread 0x000000001652f000 Uncommon trap: reason=speculate_class_check action=maybe_recompile pc=0x00000000026925c0 method=com.android.dx.rop.cst.Constant.compareTo(Lcom/android/dx/rop/cst/Constant;)I @ 29
Event: 2.001 Thread 0x000000001652f000 Uncommon trap: reason=speculate_class_check action=maybe_recompile pc=0x00000000026925c0 method=com.android.dx.rop.cst.Constant.compareTo(Lcom/android/dx/rop/cst/Constant;)I @ 29
Event: 2.302 Thread 0x00000000022bd800 Uncommon trap: reason=unstable_if action=reinterpret pc=0x000000000264a170 method=java.util.BitSet.ensureCapacity(I)V @ 6

Internal exceptions (2 events):
Event: 0.036 Thread 0x00000000022bd800 Exception <a 'java/lang/NoSuchMethodError': Method sun.misc.Unsafe.defineClass(Ljava/lang/String;[BII)Ljava/lang/Class; name or signature does not match> (0x00000000eab07cc0) thrown at [C:\re\workspace\8-2-build-windows-amd64-cygwin\jdk8u74\6087\hotspot\srG¢ñq¢?
Event: 0.036 Thread 0x00000000022bd800 Exception <a 'java/lang/NoSuchMethodError': Method sun.misc.Unsafe.prefetchRead(Ljava/lang/Object;J)V name or signature does not match> (0x00000000eab07fa8) thrown at [C:\re\workspace\8-2-build-windows-amd64-cygwin\jdk8u74\6087\hotspot\src\share\vm\prims\j

Events (10 events):
Event: 2.001 Thread 0x000000001652f000 DEOPT PACKING pc=0x00000000026925c0 sp=0x0000000016cdecf0
Event: 2.001 Thread 0x000000001652f000 DEOPT UNPACKING pc=0x000000000240582a sp=0x0000000016cdec20 mode 2
Event: 2.008 loading class java/util/ArrayList$1 done
Event: 2.302 Thread 0x00000000022bd800 Uncommon trap: trap_request=0xffffff65 fr.pc=0x000000000264a170
Event: 2.302 Thread 0x00000000022bd800 DEOPT PACKING pc=0x000000000264a170 sp=0x000000000220e0d0
Event: 2.302 Thread 0x00000000022bd800 DEOPT UNPACKING pc=0x000000000240582a sp=0x000000000220e010 mode 2
Event: 2.304 Executing VM operation: ParallelGCFailedAllocation
Event: 2.611 Executing VM operation: ParallelGCFailedAllocation done
Event: 3.378 Thread 0x0000000016529800 DEOPT PACKING pc=0x000000000264c3c2 sp=0x0000000016ade890
Event: 3.378 Thread 0x0000000016529800 DEOPT UNPACKING pc=0x000000000240787f sp=0x0000000016ade5f8 mode 0


Dynamic libraries:
0x00007ff7e2c10000 - 0x00007ff7e2c47000 	C:\Program Files\Java\jdk1.8.0_74\bin\java.exe
0x00007ffdc6b80000 - 0x00007ffdc6d41000 	C:\WINDOWS\SYSTEM32\ntdll.dll
0x00007ffdc44e0000 - 0x00007ffdc458d000 	C:\WINDOWS\system32\KERNEL32.DLL
0x00007ffdc3d90000 - 0x00007ffdc3f78000 	C:\WINDOWS\system32\KERNELBASE.dll
0x00007ffdc17e0000 - 0x00007ffdc1859000 	C:\WINDOWS\system32\apphelp.dll
0x00007ffdc6000000 - 0x00007ffdc60a7000 	C:\WINDOWS\system32\ADVAPI32.dll
0x00007ffdc6440000 - 0x00007ffdc64dd000 	C:\WINDOWS\system32\msvcrt.dll
0x00007ffdc3f80000 - 0x00007ffdc3fdb000 	C:\WINDOWS\system32\sechost.dll
0x00007ffdc6a60000 - 0x00007ffdc6b7c000 	C:\WINDOWS\system32\RPCRT4.dll
0x00007ffdc60b0000 - 0x00007ffdc6206000 	C:\WINDOWS\system32\USER32.dll
0x00007ffdc5d10000 - 0x00007ffdc5e96000 	C:\WINDOWS\system32\GDI32.dll
0x00007ffdb9090000 - 0x00007ffdb9304000 	C:\WINDOWS\WinSxS\amd64_microsoft.windows.common-controls_6595b64144ccf1df_6.0.10586.0_none_8c15ae12515e1c22\COMCTL32.dll
0x00007ffdc4050000 - 0x00007ffdc42cd000 	C:\WINDOWS\system32\combase.dll
0x00007ffdc3d00000 - 0x00007ffdc3d6a000 	C:\WINDOWS\system32\bcryptPrimitives.dll
0x00007ffdc45a0000 - 0x00007ffdc45db000 	C:\WINDOWS\system32\IMM32.DLL
0x0000000056470000 - 0x0000000056542000 	C:\Program Files\Java\jdk1.8.0_74\jre\bin\msvcr100.dll
0x00000000568c0000 - 0x0000000057150000 	C:\Program Files\Java\jdk1.8.0_74\jre\bin\server\jvm.dll
0x00007ffdc6980000 - 0x00007ffdc6988000 	C:\WINDOWS\system32\PSAPI.DLL
0x00007ffdbb620000 - 0x00007ffdbb629000 	C:\WINDOWS\SYSTEM32\WSOCK32.dll
0x00007ffdc16c0000 - 0x00007ffdc16e3000 	C:\WINDOWS\SYSTEM32\WINMM.dll
0x00007ffdbe840000 - 0x00007ffdbe84a000 	C:\WINDOWS\SYSTEM32\VERSION.dll
0x00007ffdc6320000 - 0x00007ffdc638b000 	C:\WINDOWS\system32\WS2_32.dll
0x00007ffdc1660000 - 0x00007ffdc168c000 	C:\WINDOWS\SYSTEM32\WINMMBASE.dll
0x00007ffdc3230000 - 0x00007ffdc3273000 	C:\WINDOWS\system32\cfgmgr32.dll
0x00000000568b0000 - 0x00000000568bf000 	C:\Program Files\Java\jdk1.8.0_74\jre\bin\verify.dll
0x0000000056880000 - 0x00000000568a9000 	C:\Program Files\Java\jdk1.8.0_74\jre\bin\java.dll
0x0000000056860000 - 0x0000000056876000 	C:\Program Files\Java\jdk1.8.0_74\jre\bin\zip.dll
0x00007ffdc47b0000 - 0x00007ffdc5d0c000 	C:\WINDOWS\system32\SHELL32.dll
0x00007ffdc3280000 - 0x00007ffdc38c5000 	C:\WINDOWS\system32\windows.storage.dll
0x00007ffdc4730000 - 0x00007ffdc4782000 	C:\WINDOWS\system32\shlwapi.dll
0x00007ffdc31c0000 - 0x00007ffdc31cf000 	C:\WINDOWS\system32\kernel.appcore.dll
0x00007ffdc3930000 - 0x00007ffdc39e5000 	C:\WINDOWS\system32\shcore.dll
0x00007ffdc31d0000 - 0x00007ffdc321b000 	C:\WINDOWS\system32\powrprof.dll
0x00007ffdc31a0000 - 0x00007ffdc31b4000 	C:\WINDOWS\system32\profapi.dll

VM Arguments:
jvm_args: -Djava.awt.headless=true -Xmx1024M -Dfile.encoding=windows-1252 -Duser.country=GB -Duser.language=en -Duser.variant 
java_command: com.android.dx.command.Main --dex --force-jumbo --num-threads=4 --output D:\Reza\Project\MenuCalc\app\build\intermediates\pre-dexed\debug\main_1704d03d008968530fa88a3d622749a486185849.jar D:\Reza\Project\MenuCalc\app\build\intermediates\transforms\instantRun\debug\folders\1\5\main
java_class_path (initial): D:\Installer_Program\Android\Android_sdk\sdk\build-tools\23.0.3\lib\dx.jar
Launcher Type: SUN_STANDARD

Environment Variables:
PATH=C:\Program Files (x86)\Common Files\Intel\Shared Files\cpp\bin\Intel64;C:\Python34\;C:\Python34\Scripts;C:\ProgramData\Oracle\Java\javapath;C:\Windows\system32;C:\Windows;C:\Windows\System32\Wbem;C:\Windows\System32\WindowsPowerShell\v1.0\;C:\Program Files\Microsoft\Web Platform Installer\;C:\Program Files (x86)\Microsoft ASP.NET\ASP.NET Web Pages\v1.0\;C:\Program Files (x86)\GtkSharp\2.12\bin;C:\Program Files (x86)\NVIDIA Corporation\PhysX\Common;C:\WINDOWS\system32;C:\WINDOWS;C:\WINDOWS\System32\Wbem;C:\WINDOWS\System32\WindowsPowerShell\v1.0\;C:\Program Files (x86)\MATLAB\R2010a\runtime\win32;C:\Program Files (x86)\MATLAB\R2010a\bin;C:\FPC\2.6.2\bin\i386-Win32;C:\Program Files\Microsoft Compute Cluster Pack\Bin\;C:\Program Files (x86)\Skype\Phone\;C:\Program Files\nodejs\;C:\Cocos\Cocos2d-x\Cocos2d-x-3.10\templates;C:\Cocos\Cocos2d-x\Cocos2d-x-3.10\tools\cocos2d-console\bin;YbÀ;C:\Users\user\AppData\Roaming\npm
USERNAME=Reza
OS=Windows_NT
PROCESSOR_IDENTIFIER=Intel64 Family 6 Model 69 Stepping 1, GenuineIntel



---------------  S Y S T E M  ---------------

OS: Windows 10.0 , 64 bit Build 10586 (10.0.10586.0)

CPU:total 4 (2 cores per cpu, 2 threads per core) family 6 model 69 stepping 1, cmov, cx8, fxsr, mmx, sse, sse2, sse3, ssse3, sse4.1, sse4.2, popcnt, avx, avx2, aes, clmul, erms, lzcnt, ht, tsc, tscinvbit, bmi1, bmi2

Memory: 4k page, physical 4074548k(342964k free), swap 8272948k(4816k free)

vm_info: Java HotSpot(TM) 64-Bit Server VM (25.74-b02) for windows-amd64 JRE (1.8.0_74-b02), built on Jan 29 2016 17:42:36 by "java_re" with MS VC++ 10.0 (VS2010)

time: Fri May 06 17:59:08 2016
elapsed time: 3 seconds (0d 0h 0m 3s)

